p:\mysql-connector-cpp\_build\jdbc\driver\jdbc.dir\release\mysql_native_driver_wrapper.obj
p:\mysql-connector-cpp\_build\jdbc\driver\jdbc.dir\release\library_loader.obj
p:\mysql-connector-cpp\_build\jdbc\driver\jdbc.dir\release\mysql_client_api.obj
p:\mysql-connector-cpp\_build\jdbc\driver\jdbc.dir\release\mysql_uri.obj
p:\mysql-connector-cpp\_build\jdbc\driver\jdbc.dir\release\mysql_warning.obj
p:\mysql-connector-cpp\_build\jdbc\driver\jdbc.dir\release\mysql_util.obj
p:\mysql-connector-cpp\_build\jdbc\driver\jdbc.dir\release\mysql_statement.obj
p:\mysql-connector-cpp\_build\jdbc\driver\jdbc.dir\release\mysql_resultset_metadata.obj
p:\mysql-connector-cpp\_build\jdbc\driver\jdbc.dir\release\mysql_resultset.obj
p:\mysql-connector-cpp\_build\jdbc\driver\jdbc.dir\release\mysql_resultbind.obj
p:\mysql-connector-cpp\_build\jdbc\driver\jdbc.dir\release\mysql_ps_resultset_metadata.obj
p:\mysql-connector-cpp\_build\jdbc\driver\jdbc.dir\release\mysql_ps_resultset.obj
p:\mysql-connector-cpp\_build\jdbc\driver\jdbc.dir\release\mysql_prepared_statement.obj
p:\mysql-connector-cpp\_build\jdbc\driver\jdbc.dir\release\mysql_parameter_metadata.obj
p:\mysql-connector-cpp\_build\jdbc\driver\jdbc.dir\release\mysql_metadata.obj
p:\mysql-connector-cpp\_build\jdbc\driver\jdbc.dir\release\mysql_driver.obj
p:\mysql-connector-cpp\_build\jdbc\driver\jdbc.dir\release\mysql_debug.obj
p:\mysql-connector-cpp\_build\jdbc\driver\jdbc.dir\release\mysql_connection.obj
p:\mysql-connector-cpp\_build\jdbc\driver\jdbc.dir\release\mysql_art_rset_metadata.obj
p:\mysql-connector-cpp\_build\jdbc\driver\jdbc.dir\release\mysql_art_resultset.obj
p:\mysql-connector-cpp\_build\jdbc\driver\jdbc.dir\release\mysql_native_resultset_wrapper.obj
p:\mysql-connector-cpp\_build\jdbc\driver\jdbc.dir\release\mysql_native_statement_wrapper.obj
p:\mysql-connector-cpp\_build\jdbc\driver\jdbc.dir\release\mysql_native_connection_wrapper.obj
p:\mysql-connector-cpp\_build\jdbc\driver\cmakefiles\generate.stamp
p:\mysql-connector-cpp\_build\jdbc\driver\release\jdbc.lib
p:\mysql-connector-cpp\_build\jdbc\driver\jdbc.dir\release\jdbc.tlog\cl.command.1.tlog
p:\mysql-connector-cpp\_build\jdbc\driver\jdbc.dir\release\jdbc.tlog\cl.read.1.tlog
p:\mysql-connector-cpp\_build\jdbc\driver\jdbc.dir\release\jdbc.tlog\cl.write.1.tlog
p:\mysql-connector-cpp\_build\jdbc\driver\jdbc.dir\release\jdbc.tlog\custombuild.command.1.tlog
p:\mysql-connector-cpp\_build\jdbc\driver\jdbc.dir\release\jdbc.tlog\custombuild.read.1.tlog
p:\mysql-connector-cpp\_build\jdbc\driver\jdbc.dir\release\jdbc.tlog\custombuild.write.1.tlog
p:\mysql-connector-cpp\_build\jdbc\driver\jdbc.dir\release\jdbc.tlog\lib-link.read.1.tlog
p:\mysql-connector-cpp\_build\jdbc\driver\jdbc.dir\release\jdbc.tlog\lib-link.write.1.tlog
p:\mysql-connector-cpp\_build\jdbc\driver\jdbc.dir\release\jdbc.tlog\lib.command.1.tlog
