p:\mysql-connector-cpp\_build\cmakefiles\generate.stamp
p:\mysql-connector-cpp\_build\testing\cmakefiles\generate.stamp
p:\mysql-connector-cpp\_build\cdk\cmakefiles\generate.stamp
p:\mysql-connector-cpp\_build\cdk\include\cmakefiles\generate.stamp
p:\mysql-connector-cpp\_build\cdk\include\mysql\cmakefiles\generate.stamp
p:\mysql-connector-cpp\_build\cdk\include\mysql\cdk\cmakefiles\generate.stamp
p:\mysql-connector-cpp\_build\cdk\include\mysql\cdk\foundation\cmakefiles\generate.stamp
p:\mysql-connector-cpp\_build\cdk\include\mysql\cdk\protocol\cmakefiles\generate.stamp
p:\mysql-connector-cpp\_build\cdk\include\mysql\cdk\api\cmakefiles\generate.stamp
p:\mysql-connector-cpp\_build\cdk\include\mysql\cdk\mysqlx\cmakefiles\generate.stamp
p:\mysql-connector-cpp\_build\cdk\extra\cmakefiles\generate.stamp
p:\mysql-connector-cpp\_build\cdk\parser\cmakefiles\generate.stamp
p:\mysql-connector-cpp\_build\cdk\parser\tests\cmakefiles\generate.stamp
p:\mysql-connector-cpp\_build\cdk\foundation\cmakefiles\generate.stamp
p:\mysql-connector-cpp\_build\cdk\foundation\tests\cmakefiles\generate.stamp
p:\mysql-connector-cpp\_build\cdk\protocol\cmakefiles\generate.stamp
p:\mysql-connector-cpp\_build\cdk\protocol\mysqlx\cmakefiles\generate.stamp
p:\mysql-connector-cpp\_build\cdk\mysqlx\cmakefiles\generate.stamp
p:\mysql-connector-cpp\_build\cdk\mysqlx\tests\cmakefiles\generate.stamp
p:\mysql-connector-cpp\_build\cdk\core\cmakefiles\generate.stamp
p:\mysql-connector-cpp\_build\include\cmakefiles\generate.stamp
p:\mysql-connector-cpp\_build\include\mysqlx\cmakefiles\generate.stamp
p:\mysql-connector-cpp\_build\include\mysqlx\common\cmakefiles\generate.stamp
p:\mysql-connector-cpp\_build\include\mysqlx\devapi\cmakefiles\generate.stamp
p:\mysql-connector-cpp\_build\include\mysqlx\devapi\detail\cmakefiles\generate.stamp
p:\mysql-connector-cpp\_build\include\mysql\cmakefiles\generate.stamp
p:\mysql-connector-cpp\_build\jdbc\cmakefiles\generate.stamp
p:\mysql-connector-cpp\_build\jdbc\cppconn\cmakefiles\generate.stamp
p:\mysql-connector-cpp\_build\jdbc\driver\cmakefiles\generate.stamp
p:\mysql-connector-cpp\_build\doc\cmakefiles\generate.stamp
p:\mysql-connector-cpp\_build\common\cmakefiles\generate.stamp
p:\mysql-connector-cpp\_build\common\tests\cmakefiles\generate.stamp
p:\mysql-connector-cpp\_build\xapi\cmakefiles\generate.stamp
p:\mysql-connector-cpp\_build\xapi\tests\cmakefiles\generate.stamp
p:\mysql-connector-cpp\_build\devapi\cmakefiles\generate.stamp
p:\mysql-connector-cpp\_build\devapi\tests\cmakefiles\generate.stamp
p:\mysql-connector-cpp\_build\x64\release\zero_check\zero_check.tlog\custombuild.command.1.tlog
p:\mysql-connector-cpp\_build\x64\release\zero_check\zero_check.tlog\custombuild.read.1.tlog
p:\mysql-connector-cpp\_build\x64\release\zero_check\zero_check.tlog\custombuild.write.1.tlog
