p:\mysql-connector-cpp\_build\cdk\protocol\mysqlx\cdk_proto_mysqlx.dir\release\crud.obj
p:\mysql-connector-cpp\_build\cdk\protocol\mysqlx\cdk_proto_mysqlx.dir\release\stmt.obj
p:\mysql-connector-cpp\_build\cdk\protocol\mysqlx\cdk_proto_mysqlx.dir\release\rset.obj
p:\mysql-connector-cpp\_build\cdk\protocol\mysqlx\cdk_proto_mysqlx.dir\release\session.obj
p:\mysql-connector-cpp\_build\cdk\protocol\mysqlx\cdk_proto_mysqlx.dir\release\protocol_compression.obj
p:\mysql-connector-cpp\_build\cdk\protocol\mysqlx\cdk_proto_mysqlx.dir\release\protocol.obj
p:\mysql-connector-cpp\_build\cdk\protocol\mysqlx\cdk_proto_mysqlx.dir\release\mysqlx.pb.obj
p:\mysql-connector-cpp\_build\cdk\protocol\mysqlx\cdk_proto_mysqlx.dir\release\mysqlx_sql.pb.obj
p:\mysql-connector-cpp\_build\cdk\protocol\mysqlx\cdk_proto_mysqlx.dir\release\mysqlx_session.pb.obj
p:\mysql-connector-cpp\_build\cdk\protocol\mysqlx\cdk_proto_mysqlx.dir\release\mysqlx_resultset.pb.obj
p:\mysql-connector-cpp\_build\cdk\protocol\mysqlx\cdk_proto_mysqlx.dir\release\mysqlx_prepare.pb.obj
p:\mysql-connector-cpp\_build\cdk\protocol\mysqlx\cdk_proto_mysqlx.dir\release\mysqlx_notice.pb.obj
p:\mysql-connector-cpp\_build\cdk\protocol\mysqlx\cdk_proto_mysqlx.dir\release\mysqlx_expr.pb.obj
p:\mysql-connector-cpp\_build\cdk\protocol\mysqlx\cdk_proto_mysqlx.dir\release\mysqlx_expect.pb.obj
p:\mysql-connector-cpp\_build\cdk\protocol\mysqlx\cdk_proto_mysqlx.dir\release\mysqlx_datatypes.pb.obj
p:\mysql-connector-cpp\_build\cdk\protocol\mysqlx\cdk_proto_mysqlx.dir\release\mysqlx_cursor.pb.obj
p:\mysql-connector-cpp\_build\cdk\protocol\mysqlx\cdk_proto_mysqlx.dir\release\mysqlx_crud.pb.obj
p:\mysql-connector-cpp\_build\cdk\protocol\mysqlx\cdk_proto_mysqlx.dir\release\mysqlx_connection.pb.obj
p:\mysql-connector-cpp\_build\cdk\protocol\mysqlx\prepare_pb_lite
p:\mysql-connector-cpp\_build\cdk\protocol\mysqlx\lite\mysqlx_connection.proto
p:\mysql-connector-cpp\_build\cdk\protocol\mysqlx\protobuf\mysqlx_connection.pb.cc
p:\mysql-connector-cpp\_build\cdk\protocol\mysqlx\protobuf\mysqlx_connection.pb.h
p:\mysql-connector-cpp\_build\cdk\protocol\mysqlx\lite\mysqlx_crud.proto
p:\mysql-connector-cpp\_build\cdk\protocol\mysqlx\protobuf\mysqlx_crud.pb.cc
p:\mysql-connector-cpp\_build\cdk\protocol\mysqlx\protobuf\mysqlx_crud.pb.h
p:\mysql-connector-cpp\_build\cdk\protocol\mysqlx\lite\mysqlx_cursor.proto
p:\mysql-connector-cpp\_build\cdk\protocol\mysqlx\protobuf\mysqlx_cursor.pb.cc
p:\mysql-connector-cpp\_build\cdk\protocol\mysqlx\protobuf\mysqlx_cursor.pb.h
p:\mysql-connector-cpp\_build\cdk\protocol\mysqlx\lite\mysqlx_datatypes.proto
p:\mysql-connector-cpp\_build\cdk\protocol\mysqlx\protobuf\mysqlx_datatypes.pb.cc
p:\mysql-connector-cpp\_build\cdk\protocol\mysqlx\protobuf\mysqlx_datatypes.pb.h
p:\mysql-connector-cpp\_build\cdk\protocol\mysqlx\lite\mysqlx_expect.proto
p:\mysql-connector-cpp\_build\cdk\protocol\mysqlx\protobuf\mysqlx_expect.pb.cc
p:\mysql-connector-cpp\_build\cdk\protocol\mysqlx\protobuf\mysqlx_expect.pb.h
p:\mysql-connector-cpp\_build\cdk\protocol\mysqlx\lite\mysqlx_expr.proto
p:\mysql-connector-cpp\_build\cdk\protocol\mysqlx\protobuf\mysqlx_expr.pb.cc
p:\mysql-connector-cpp\_build\cdk\protocol\mysqlx\protobuf\mysqlx_expr.pb.h
p:\mysql-connector-cpp\_build\cdk\protocol\mysqlx\lite\mysqlx_notice.proto
p:\mysql-connector-cpp\_build\cdk\protocol\mysqlx\protobuf\mysqlx_notice.pb.cc
p:\mysql-connector-cpp\_build\cdk\protocol\mysqlx\protobuf\mysqlx_notice.pb.h
p:\mysql-connector-cpp\_build\cdk\protocol\mysqlx\lite\mysqlx_prepare.proto
p:\mysql-connector-cpp\_build\cdk\protocol\mysqlx\protobuf\mysqlx_prepare.pb.cc
p:\mysql-connector-cpp\_build\cdk\protocol\mysqlx\protobuf\mysqlx_prepare.pb.h
p:\mysql-connector-cpp\_build\cdk\protocol\mysqlx\lite\mysqlx_resultset.proto
p:\mysql-connector-cpp\_build\cdk\protocol\mysqlx\protobuf\mysqlx_resultset.pb.cc
p:\mysql-connector-cpp\_build\cdk\protocol\mysqlx\protobuf\mysqlx_resultset.pb.h
p:\mysql-connector-cpp\_build\cdk\protocol\mysqlx\lite\mysqlx_session.proto
p:\mysql-connector-cpp\_build\cdk\protocol\mysqlx\protobuf\mysqlx_session.pb.cc
p:\mysql-connector-cpp\_build\cdk\protocol\mysqlx\protobuf\mysqlx_session.pb.h
p:\mysql-connector-cpp\_build\cdk\protocol\mysqlx\lite\mysqlx_sql.proto
p:\mysql-connector-cpp\_build\cdk\protocol\mysqlx\protobuf\mysqlx_sql.pb.cc
p:\mysql-connector-cpp\_build\cdk\protocol\mysqlx\protobuf\mysqlx_sql.pb.h
p:\mysql-connector-cpp\_build\cdk\protocol\mysqlx\lite\mysqlx.proto
p:\mysql-connector-cpp\_build\cdk\protocol\mysqlx\protobuf\mysqlx.pb.cc
p:\mysql-connector-cpp\_build\cdk\protocol\mysqlx\protobuf\mysqlx.pb.h
p:\mysql-connector-cpp\_build\cdk\protocol\mysqlx\cmakefiles\generate.stamp
p:\mysql-connector-cpp\_build\cdk\protocol\mysqlx\release\cdk_proto_mysqlx.lib
p:\mysql-connector-cpp\_build\cdk\protocol\mysqlx\cdk_proto_mysqlx.dir\release\cdk_proto_mysqlx.tlog\cl.command.1.tlog
p:\mysql-connector-cpp\_build\cdk\protocol\mysqlx\cdk_proto_mysqlx.dir\release\cdk_proto_mysqlx.tlog\cl.read.1.tlog
p:\mysql-connector-cpp\_build\cdk\protocol\mysqlx\cdk_proto_mysqlx.dir\release\cdk_proto_mysqlx.tlog\cl.write.1.tlog
p:\mysql-connector-cpp\_build\cdk\protocol\mysqlx\cdk_proto_mysqlx.dir\release\cdk_proto_mysqlx.tlog\custombuild.command.1.tlog
p:\mysql-connector-cpp\_build\cdk\protocol\mysqlx\cdk_proto_mysqlx.dir\release\cdk_proto_mysqlx.tlog\custombuild.read.1.tlog
p:\mysql-connector-cpp\_build\cdk\protocol\mysqlx\cdk_proto_mysqlx.dir\release\cdk_proto_mysqlx.tlog\custombuild.write.1.tlog
p:\mysql-connector-cpp\_build\cdk\protocol\mysqlx\cdk_proto_mysqlx.dir\release\cdk_proto_mysqlx.tlog\lib-link.read.1.tlog
p:\mysql-connector-cpp\_build\cdk\protocol\mysqlx\cdk_proto_mysqlx.dir\release\cdk_proto_mysqlx.tlog\lib-link.write.1.tlog
p:\mysql-connector-cpp\_build\cdk\protocol\mysqlx\cdk_proto_mysqlx.dir\release\cdk_proto_mysqlx.tlog\lib.command.1.tlog
